Arguments: 
  C:\Program Files\nodejs\node.exe C:\Users\brent\AppData\Roaming\npm\node_modules\yarn\bin\yarn.js init svelte@next .

PATH: 
  C:\Python38\Scripts\;C:\Python38\;C:\WINDOWS\system32;C:\WINDOWS;C:\WINDOWS\System32\Wbem;C:\WINDOWS\System32\WindowsPowerShell\v1.0\;C:\WINDOWS\System32\OpenSSH\;C:\ProgramData\chocolatey\bin;C:\Program Files\Amazon\AWSCLIV2\;C:\Program Files (x86)\Calibre2\;C:\Program Files\PuTTY\;C:\Users\brent\AppData\Roaming\nvm;C:\Program Files\nodejs;C:\Program Files\Git\cmd;C:\Program Files\Docker\Docker\resources\bin;C:\ProgramData\DockerDesktop\version-bin;C:\Users\brent\AppData\Local\Programs\Python\Python38-32\Scripts\;C:\Users\brent\AppData\Local\Programs\Python\Python38-32\;C:\Users\brent\AppData\Local\Microsoft\WindowsApps;C:\Users\brent\AppData\Local\Programs\Microsoft VS Code\bin;C:\Users\brent\AppData\Roaming\npm;C:\Users\brent\AppData\Local\hyper\app-3.0.2\resources\bin;C:\Program Files\heroku\bin;C:\Users\brent\AppData\Roaming\nvm;C:\Program Files\nodejs;C:\Program Files\Lando\bin;C:\Program Files\OpenSSL\bin

Yarn version: 
  1.22.10

Node version: 
  14.16.0

Platform: 
  win32 x64

Trace: 
  Error: canceled
      at Interface.<anonymous> (C:\Users\brent\AppData\Roaming\npm\node_modules\yarn\lib\cli.js:136216:13)
      at Interface.emit (events.js:315:20)
      at Interface._ttyWrite (readline.js:875:16)
      at ReadStream.onkeypress (readline.js:213:10)
      at ReadStream.emit (events.js:315:20)
      at emitKeys (internal/readline/utils.js:345:14)
      at emitKeys.next (<anonymous>)
      at ReadStream.onData (readline.js:1144:36)
      at ReadStream.emit (events.js:315:20)
      at addChunk (internal/streams/readable.js:309:12)

npm manifest: 
  No manifest

yarn manifest: 
  No manifest

Lockfile: 
  No lockfile
